JvmtiExport can_access_local_variables 0
JvmtiExport can_hotswap_or_post_breakpoint 0
JvmtiExport can_post_on_exceptions 0
# 869 ciObject found
ciMethod java/lang/Object <init> ()V 4097 1 55041196 0 96
ciMethod java/lang/Object getClass ()Ljava/lang/Class; 2049 1 256 0 -1
ciMethod java/util/Map get (Ljava/lang/Object;)Ljava/lang/Object; 0 0 1 0 -1
ciMethod java/lang/Integer valueOf (I)Ljava/lang/Integer; 441 1 4464527 0 -1
ciMethod java/lang/Integer intValue ()I 1521 1 190 0 -1
ciMethod java/util/Iterator hasNext ()Z 0 0 1 0 -1
ciMethod java/util/Iterator next ()Ljava/lang/Object; 0 0 1 0 -1
ciMethod java/util/Iterator remove ()V 0 0 1 0 -1
ciMethod java/util/Comparator comparingInt (Ljava/util/function/ToIntFunction;)Ljava/util/Comparator; 1 1 24949 0 -1
ciMethod java/lang/Iterable forEach (Ljava/util/function/Consumer;)V 33033 39249 9257 0 -1
ciMethod java/util/Collection isEmpty ()Z 0 0 1 0 -1
ciMethod java/util/Collection iterator ()Ljava/util/Iterator; 0 0 1 0 -1
ciMethod java/util/Collection addAll (Ljava/util/Collection;)Z 0 0 1 0 -1
ciMethod java/util/Collection removeIf (Ljava/util/function/Predicate;)Z 16425 37889 87090 0 -1
ciMethod java/util/Collection stream ()Ljava/util/stream/Stream; 2057 1 36460 0 -1
ciMethod java/util/Set size ()I 0 0 1 0 -1
ciMethod java/util/Set isEmpty ()Z 0 0 1 0 -1
ciMethod java/util/Set contains (Ljava/lang/Object;)Z 0 0 1 0 -1
ciMethod java/util/Set iterator ()Ljava/util/Iterator; 0 0 1 0 -1
ciMethod java/util/Set add (Ljava/lang/Object;)Z 0 0 1 0 -1
ciMethod java/util/Set remove (Ljava/lang/Object;)Z 0 0 1 0 -1
ciMethod java/util/Set addAll (Ljava/util/Collection;)Z 0 0 1 0 -1
ciMethod java/util/Set clear ()V 0 0 1 0 -1
ciMethod java/util/AbstractCollection <init> ()V 2073 1 7176559 0 32
ciMethod java/util/AbstractCollection iterator ()Ljava/util/Iterator; 0 0 1 0 -1
ciMethod java/util/AbstractCollection isEmpty ()Z 3193 1 963568 0 -1
ciMethod java/util/AbstractCollection contains (Ljava/lang/Object;)Z 2049 14913 3039 0 -1
ciMethod java/util/AbstractCollection add (Ljava/lang/Object;)Z 0 0 1 0 -1
ciMethod java/util/AbstractCollection remove (Ljava/lang/Object;)Z 66153 200185 14752 0 -1
ciMethod java/util/AbstractCollection addAll (Ljava/util/Collection;)Z 2057 24521 7582 0 -1
ciMethod java/util/Objects checkIndex (II)I 2049 1 1876722 0 -1
ciMethod java/util/HashSet <init> (I)V 2065 1 143225 0 -1
ciMethod java/util/HashSet contains (Ljava/lang/Object;)Z 3145 1 627736 0 -1
ciMethod java/util/HashSet add (Ljava/lang/Object;)Z 596497 1 1319224 0 10304
ciMethod java/util/AbstractSet <init> ()V 4097 1 1392697 0 32
ciMethod java/util/HashMap put (Ljava/lang/Object;Ljava/lang/Object;)Ljava/lang/Object; 2593 1 615316 0 -1
ciMethod java/util/AbstractMap <init> ()V 2225 1 1962583 0 32
ciMethod java/util/Map$Entry getValue ()Ljava/lang/Object; 0 0 1 0 -1
ciMethod java/util/List size ()I 0 0 1 0 -1
ciMethod java/util/List isEmpty ()Z 0 0 1 0 -1
ciMethod java/util/List contains (Ljava/lang/Object;)Z 0 0 1 0 -1
ciMethod java/util/List iterator ()Ljava/util/Iterator; 0 0 1 0 -1
ciMethod java/util/List add (Ljava/lang/Object;)Z 0 0 1 0 -1
ciMethod java/util/List clear ()V 0 0 1 0 -1
ciMethod java/util/List get (I)Ljava/lang/Object; 0 0 1 0 -1
ciMethod java/util/List indexOf (Ljava/lang/Object;)I 0 0 1 0 -1
ciMethod java/util/AbstractList <init> ()V 3209 1 2907175 0 64
ciMethod java/util/AbstractList listIterator ()Ljava/util/ListIterator; 24489 1 1967511 0 64
ciMethod java/util/AbstractList listIterator (I)Ljava/util/ListIterator; 262521 1 44079 0 -1
ciMethod java/lang/Math max (II)I 2049 1 2253511 0 -1
ciMethod java/lang/Math min (II)I 2089 1 1694223 0 -1
ciMethod java/util/Arrays copyOf ([Ljava/lang/Object;I)[Ljava/lang/Object; 681 1 614182 0 480
ciMethod java/util/Arrays copyOf ([Ljava/lang/Object;ILjava/lang/Class;)[Ljava/lang/Object; 1153 1 18282 0 -1
ciMethodData java/lang/Object <init> ()V 2 55041196 orig 80 0 2 0 0 1 0 0 0 0 0 0 0 0 0 0 0 0 0 0 0 0 0 0 0 0 0 0 0 0 0 0 0 0 0 0 0 0 0 0 0 0 0 0 0 0 0 0 0 0 0 0 0 0 0 0 0 0 0 0 0 0 0 0 0 0 0 0 0 0 0 0 0 0 0 0 0 0 0 0 0 data 4 0x0 0x9 0x1 0x0 oops 0 methods 0
ciMethod java/util/ArrayList <init> (I)V 1329 1 11381 0 -1
ciMethod java/util/ArrayList <init> ()V 1297 1 1730528 0 256
ciMethod java/util/ArrayList <init> (Ljava/util/Collection;)V 262225 1 47123 0 -1
ciMethod java/util/ArrayList grow (I)[Ljava/lang/Object; 2697 1 465832 0 0
ciMethod java/util/ArrayList grow ()[Ljava/lang/Object; 1441 1 461351 0 0
ciMethod java/util/ArrayList newCapacity (I)I 441 1 19549 0 160
ciMethod java/util/ArrayList hugeCapacity (I)I 0 0 1 0 -1
ciMethod java/util/ArrayList size ()I 1057 1 132 0 0
ciMethod java/util/ArrayList isEmpty ()Z 16609 1 515658 0 64
ciMethod java/util/ArrayList elementData (I)Ljava/lang/Object; 2049 1 1859637 0 96
ciMethod java/util/ArrayList get (I)Ljava/lang/Object; 2049 1 1700920 0 160
ciMethod java/util/ArrayList set (ILjava/lang/Object;)Ljava/lang/Object; 16465 1 146996 0 -1
ciMethod java/util/ArrayList add (Ljava/lang/Object;[Ljava/lang/Object;I)V 2049 1 9076373 0 0
ciMethod java/util/ArrayList add (Ljava/lang/Object;)Z 2049 1 9072845 0 1344
ciMethod java/util/ArrayList clear ()V 82737 25857 49326 0 256
ciMethod java/util/ArrayList addAll (Ljava/util/Collection;)Z 311321 1 53298 0 -1
ciMethod java/util/ArrayList iterator ()Ljava/util/Iterator; 2049 1 2413337 0 192
ciMethod java/util/ArrayList sort (Ljava/util/Comparator;)V 2089 1 9501 0 -1
ciMethodData java/util/AbstractCollection <init> ()V 2 7176559 orig 80 3 1 0 0 0 0 0 0 0 0 0 0 0 0 0 0 0 0 0 0 0 0 0 0 0 0 0 0 0 0 0 0 0 0 0 0 0 0 0 0 0 0 0 0 0 0 0 0 0 0 0 0 0 0 0 0 0 0 0 0 0 0 0 0 0 0 0 0 0 0 0 0 0 0 0 0 0 0 0 0 data 7 0x10002 0x6d900e 0x0 0x0 0x9 0x1 0x0 oops 0 methods 0
ciMethod java/util/Deque addLast (Ljava/lang/Object;)V 0 0 1 0 -1
ciMethod java/util/Deque removeLast ()Ljava/lang/Object; 0 0 1 0 -1
ciMethod java/util/Deque remove (Ljava/lang/Object;)Z 0 0 1 0 -1
ciMethod java/util/Deque size ()I 0 0 1 0 -1
ciMethod java/util/ArrayDeque <init> ()V 49721 1 218084 0 -1
ciMethod java/util/ArrayDeque <init> (I)V 223529 1 91224 0 -1
ciMethod java/util/ArrayDeque <init> (Ljava/util/Collection;)V 89785 1 36478 0 -1
ciMethod java/util/ArrayDeque addLast (Ljava/lang/Object;)V 2049 1 13620 0 -1
ciMethod java/util/ArrayDeque removeLast ()Ljava/lang/Object; 149465 1 154176 0 -1
ciMethod java/util/ArrayDeque add (Ljava/lang/Object;)Z 18449 1 78114 0 -1
ciMethod java/util/ArrayDeque poll ()Ljava/lang/Object; 3073 1 278219 0 -1
ciMethod java/util/ArrayDeque isEmpty ()Z 3089 1 901748 0 -1
ciMethod java/util/ArrayDeque contains (Ljava/lang/Object;)Z 33201 209337 27835 0 -1
ciMethod jdk/internal/util/Preconditions checkIndex (IILjava/util/function/BiFunction;)I 2049 1 2398910 0 -1
ciMethod java/util/ListIterator hasNext ()Z 0 0 1 0 -1
ciMethod java/util/ListIterator next ()Ljava/lang/Object; 0 0 1 0 -1
ciMethod java/util/ListIterator previous ()Ljava/lang/Object; 0 0 1 0 -1
ciMethod java/util/ListIterator remove ()V 0 0 1 0 -1
ciMethod java/util/ListIterator add (Ljava/lang/Object;)V 0 0 1 0 -1
ciMethod java/util/ArrayList$Itr <init> (Ljava/util/ArrayList;)V 16705 1 2248679 0 320
ciMethod java/util/ArrayList$Itr hasNext ()Z 2057 1 4825616 0 96
ciMethod java/util/ArrayList$Itr next ()Ljava/lang/Object; 3945 1 12882 0 224
ciMethod java/util/ArrayList$Itr checkForComodification ()V 3945 1 72047 0 96
ciMethodData java/util/AbstractMap <init> ()V 2 1962583 orig 80 22 1 0 0 0 0 0 0 0 0 0 0 0 0 0 0 0 0 0 0 0 0 0 0 0 0 0 0 0 0 0 0 0 0 0 0 0 0 0 0 0 0 0 0 0 0 0 0 0 0 0 0 0 0 0 0 0 0 0 0 0 0 0 0 0 0 0 0 0 0 0 0 0 0 0 0 0 0 0 0 data 7 0x10002 0x1df47f 0x0 0x0 0x9 0x1 0x0 oops 0 methods 0
ciMethod java/lang/invoke/Invokers$Holder linkToTargetMethod (Ljava/lang/Object;Ljava/lang/Object;Ljava/lang/Object;)Ljava/lang/Object; 2089 1 2681781 0 -1
ciMethod java/lang/invoke/Invokers$Holder linkToTargetMethod (Ljava/lang/Object;)Ljava/lang/Object; 2057 1 9769724 0 -1
ciMethod java/lang/invoke/MethodHandle invokeBasic ()Ljava/lang/Object; 0 0 1 0 -1
ciMethodData java/util/HashSet add (Ljava/lang/Object;)Z 2 1322452 orig 80 153 1 0 0 2 0 0 0 0 0 0 0 0 0 0 0 0 0 0 0 0 0 0 0 0 0 0 0 0 0 0 0 0 0 0 0 0 0 0 0 0 0 0 0 0 0 0 0 0 0 0 0 0 0 0 0 0 0 0 0 0 0 0 0 0 0 0 0 0 0 0 0 0 0 0 0 0 0 0 0 data 24 0x80005 0x0 0x0 0x7fb2756516e0 0x9132a 0x7fb28fcf8a60 0x9f819 0xb0007 0x4a594 0x38 0xe645d 0xf0003 0xe65a9 0x18 0x0 0x0 0x0 0x0 0x0 0x0 0x9 0x2 0x0 0xffffffffffffffff oops 2